2015.11.03 at 14:08:02 CST DEBUG org.apache.aphrodite.mvc.AphroditeServlet 33 doPost - request charset utf-8
2015.11.03 at 14:08:02 CST DEBUG org.apache.aphrodite.mvc.AphroditeServlet 43 doPost - receive message ["location","notions"]
2015.11.03 at 14:08:02 CST DEBUG org.apache.aphrodite.mvc.AphroditeServlet 47 doPost - send message {"location":{"dh":"德化","yc":"永春","nh":"宁化"}}
2015.11.03 at 14:27:44 CST DEBUG org.apache.aphrodite.mvc.AphroditeServlet 33 doPost - request charset utf-8
2015.11.03 at 14:27:44 CST DEBUG org.apache.aphrodite.mvc.AphroditeServlet 43 doPost - receive message ["location","notions"]
2015.11.03 at 14:27:44 CST DEBUG org.apache.aphrodite.mvc.AphroditeServlet 47 doPost - send message {"location":{"dh":"德化","yc":"永春","nh":"宁化"}}
2015.11.03 at 15:51:22 CST DEBUG org.apache.aphrodite.mvc.AphroditeServlet 33 doPost - request charset utf-8
2015.11.03 at 15:51:22 CST DEBUG org.apache.aphrodite.mvc.AphroditeServlet 43 doPost - receive message {"tableName":"SYS_MENU","grid":true,"key":"notions","fields":[]}
2015.11.03 at 15:51:22 CST DEBUG org.apache.aphrodite.mvc.AphroditeServlet 47 doPost - send message {}
2015.11.03 at 16:04:11 CST DEBUG org.apache.aphrodite.mvc.AphroditeServlet 33 doPost - request charset utf-8
2015.11.03 at 16:04:11 CST DEBUG org.apache.aphrodite.mvc.AphroditeServlet 43 doPost - receive message {"tableName":"SYS_MENU","grid":true,"key":"name","condition":"dddd","fields":[]}
2015.11.03 at 16:04:11 CST DEBUG org.apache.aphrodite.mvc.AphroditeServlet 47 doPost - send message {}
2015.11.03 at 16:08:31 CST DEBUG org.apache.aphrodite.mvc.AphroditeServlet 33 doPost - request charset utf-8
2015.11.03 at 16:08:31 CST DEBUG org.apache.aphrodite.mvc.AphroditeServlet 43 doPost - receive message {"tableName":"SYS_MENU","grid":true,"key":"name","condition":"dddd","fields":[]}
2015.11.03 at 16:18:46 CST DEBUG org.apache.aphrodite.mvc.AphroditeServlet 33 doPost - request charset utf-8
2015.11.03 at 16:18:46 CST DEBUG org.apache.aphrodite.mvc.AphroditeServlet 43 doPost - receive message {"tableName":"SYS_MENU","grid":true,"key":"name","condition":"jjjjjj","fields":[]}
2015.11.03 at 16:19:57 CST DEBUG org.apache.aphrodite.mvc.AphroditeServlet 33 doPost - request charset utf-8
2015.11.03 at 16:19:57 CST DEBUG org.apache.aphrodite.mvc.AphroditeServlet 43 doPost - receive message {"tableName":"SYS_MENU","grid":true,"key":"name","condition":"dddd","fields":[{"name":"name","selector":""},{"name":"url","selector":""},{"name":"id","selector":"","isHide":"hide"}]}
2015.11.03 at 16:19:57 CST DEBUG org.apache.aphrodite.dao.JdbcDaoImpl 172 select - select sql:SELECT NAME,URL,ID FROM _S_Y_S?_M_E_N_U WHERE  name  = ?
2015.11.03 at 16:19:57 CST DEBUG org.apache.aphrodite.dao.JdbcDaoImpl 111 setSelectParam - input params:{name=dddd}
2015.11.03 at 16:20:48 CST DEBUG org.apache.aphrodite.mvc.AphroditeServlet 33 doPost - request charset utf-8
2015.11.03 at 16:20:48 CST DEBUG org.apache.aphrodite.mvc.AphroditeServlet 43 doPost - receive message {"tableName":"sysMenu","grid":true,"key":"name","condition":"dddd","fields":[{"name":"name","selector":""},{"name":"url","selector":""},{"name":"id","selector":"","isHide":"hide"}]}
2015.11.03 at 16:20:48 CST DEBUG org.apache.aphrodite.dao.JdbcDaoImpl 172 select - select sql:SELECT NAME,URL,ID FROM SYS_MENU WHERE  name  = ?
2015.11.03 at 16:20:49 CST DEBUG org.apache.aphrodite.dao.JdbcDaoImpl 111 setSelectParam - input params:{name=dddd}
2015.11.03 at 16:20:49 CST DEBUG org.apache.aphrodite.mvc.AphroditeServlet 47 doPost - send message {"fields":[{"name":"name"},{"name":"url"},{"name":"id"}],"tableName":"sysMenu","key":"name","condition":"dddd","records":[]}
2015.11.03 at 16:21:16 CST DEBUG org.apache.aphrodite.mvc.AphroditeServlet 33 doPost - request charset utf-8
2015.11.03 at 16:21:16 CST DEBUG org.apache.aphrodite.mvc.AphroditeServlet 43 doPost - receive message {"tableName":"sysMenu","grid":true,"key":"name","condition":"系统管理","fields":[{"name":"name","selector":""},{"name":"url","selector":""},{"name":"id","selector":"","isHide":"hide"}]}
2015.11.03 at 16:21:16 CST DEBUG org.apache.aphrodite.dao.JdbcDaoImpl 172 select - select sql:SELECT NAME,URL,ID FROM SYS_MENU WHERE  name  = ?
2015.11.03 at 16:21:16 CST DEBUG org.apache.aphrodite.dao.JdbcDaoImpl 111 setSelectParam - input params:{name=系统管理}
2015.11.03 at 16:21:16 CST DEBUG org.apache.aphrodite.mvc.AphroditeServlet 47 doPost - send message {"fields":[{"name":"name"},{"name":"url"},{"name":"id"}],"tableName":"sysMenu","key":"name","condition":"系统管理","records":[{"recordVal":{"name":"系统管理","id":"1","url":"sys"}}]}
2015.11.03 at 17:08:00 CST DEBUG org.apache.aphrodite.mvc.AphroditeServlet 33 doPost - request charset utf-8
2015.11.03 at 17:08:00 CST DEBUG org.apache.aphrodite.mvc.AphroditeServlet 43 doPost - receive message {"tableName":"sysMenu","grid":true,"key":"name","condition":"系统管理","fields":[{"name":"name","selector":""},{"name":"url","selector":""},{"name":"id","selector":"","isHide":"hide"}]}
2015.11.03 at 17:08:01 CST DEBUG org.apache.aphrodite.dao.JdbcDaoImpl 172 select - select sql:SELECT NAME,URL,ID FROM SYS_MENU WHERE  name  = ?
2015.11.03 at 17:08:01 CST DEBUG org.apache.aphrodite.dao.JdbcDaoImpl 111 setSelectParam - input params:{name=系统管理}
2015.11.03 at 17:08:01 CST DEBUG org.apache.aphrodite.mvc.AphroditeServlet 47 doPost - send message {"fields":[{"name":"name"},{"name":"url"},{"name":"id"}],"tableName":"sysMenu","key":"name","condition":"系统管理","records":[{"recordVal":{"name":"系统管理","id":"1","url":"sys"}}]}
2015.11.03 at 17:08:34 CST DEBUG org.apache.aphrodite.mvc.AphroditeServlet 33 doPost - request charset utf-8
2015.11.03 at 17:08:34 CST DEBUG org.apache.aphrodite.mvc.AphroditeServlet 43 doPost - receive message {"tableName":"sysMenu","grid":true,"key":"name","condition":"系统管理","fields":[{"name":"name","selector":""},{"name":"url","selector":""},{"name":"id","selector":"","isHide":"hide"}]}
2015.11.03 at 17:08:34 CST DEBUG org.apache.aphrodite.dao.JdbcDaoImpl 172 select - select sql:SELECT NAME,URL,ID FROM SYS_MENU WHERE  name  = ?
2015.11.03 at 17:08:34 CST DEBUG org.apache.aphrodite.dao.JdbcDaoImpl 111 setSelectParam - input params:{name=系统管理}
2015.11.03 at 17:08:34 CST DEBUG org.apache.aphrodite.mvc.AphroditeServlet 47 doPost - send message {"fields":[{"name":"name"},{"name":"url"},{"name":"id"}],"tableName":"sysMenu","key":"name","condition":"系统管理","records":[{"recordVal":{"name":"系统管理","id":"1","url":"sys"}}]}
2015.11.03 at 17:09:23 CST DEBUG org.apache.aphrodite.mvc.AphroditeServlet 33 doPost - request charset utf-8
2015.11.03 at 17:09:23 CST DEBUG org.apache.aphrodite.mvc.AphroditeServlet 43 doPost - receive message {"tableName":"sysMenu","grid":true,"key":"name","condition":"系统管理","fields":[{"name":"name","selector":""},{"name":"url","selector":""},{"name":"id","selector":"","isHide":"hide"}]}
2015.11.03 at 17:09:23 CST DEBUG org.apache.aphrodite.dao.JdbcDaoImpl 172 select - select sql:SELECT NAME,URL,ID FROM SYS_MENU WHERE  name  = ?
2015.11.03 at 17:09:23 CST DEBUG org.apache.aphrodite.dao.JdbcDaoImpl 111 setSelectParam - input params:{name=系统管理}
2015.11.03 at 17:09:23 CST DEBUG org.apache.aphrodite.mvc.AphroditeServlet 47 doPost - send message {"fields":[{"name":"name"},{"name":"url"},{"name":"id"}],"tableName":"sysMenu","key":"name","condition":"系统管理","records":[{"recordVal":{"name":"系统管理","id":"1","url":"sys"}}]}
2015.11.03 at 17:10:55 CST DEBUG org.apache.aphrodite.mvc.AphroditeServlet 33 doPost - request charset utf-8
2015.11.03 at 17:10:55 CST DEBUG org.apache.aphrodite.mvc.AphroditeServlet 43 doPost - receive message {"tableName":"sysMenu","grid":true,"key":"name","condition":"系统管理","fields":[{"name":"name","selector":""},{"name":"url","selector":""},{"name":"id","selector":"","isHide":"hide"}]}
2015.11.03 at 17:10:55 CST DEBUG org.apache.aphrodite.dao.JdbcDaoImpl 172 select - select sql:SELECT NAME,URL,ID FROM SYS_MENU WHERE  name  = ?
2015.11.03 at 17:10:55 CST DEBUG org.apache.aphrodite.dao.JdbcDaoImpl 111 setSelectParam - input params:{name=系统管理}
2015.11.03 at 17:10:55 CST DEBUG org.apache.aphrodite.mvc.AphroditeServlet 47 doPost - send message {"fields":[{"name":"name"},{"name":"url"},{"name":"id"}],"tableName":"sysMenu","key":"name","condition":"系统管理","records":[{"recordVal":{"name":"系统管理","id":"1","url":"sys"}}]}
2015.11.03 at 17:11:25 CST DEBUG org.apache.aphrodite.mvc.AphroditeServlet 33 doPost - request charset utf-8
2015.11.03 at 17:11:25 CST DEBUG org.apache.aphrodite.mvc.AphroditeServlet 43 doPost - receive message {"tableName":"sysMenu","grid":true,"key":"name","condition":"系统管理","fields":[{"name":"name","selector":""},{"name":"url","selector":""},{"name":"id","selector":"","isHide":"hide"}]}
2015.11.03 at 17:11:25 CST DEBUG org.apache.aphrodite.dao.JdbcDaoImpl 172 select - select sql:SELECT NAME,URL,ID FROM SYS_MENU WHERE  name  = ?
2015.11.03 at 17:12:01 CST DEBUG org.apache.aphrodite.mvc.AphroditeServlet 33 doPost - request charset utf-8
2015.11.03 at 17:12:01 CST DEBUG org.apache.aphrodite.mvc.AphroditeServlet 43 doPost - receive message {"tableName":"sysMenu","grid":true,"key":"name","condition":"系统管理","fields":[{"name":"name","selector":""},{"name":"url","selector":""},{"name":"id","selector":"","isHide":"hide"}]}
2015.11.03 at 17:12:01 CST DEBUG org.apache.aphrodite.dao.JdbcDaoImpl 172 select - select sql:SELECT NAME,URL,ID FROM SYS_MENU WHERE  name  = ?
2015.11.03 at 17:12:01 CST DEBUG org.apache.aphrodite.dao.JdbcDaoImpl 111 setSelectParam - input params:{name=系统管理}
2015.11.03 at 17:12:01 CST DEBUG org.apache.aphrodite.mvc.AphroditeServlet 47 doPost - send message {"fields":[{"name":"name"},{"name":"url"},{"name":"id"}],"tableName":"sysMenu","key":"name","condition":"系统管理","records":[{"recordVal":{"name":"系统管理","id":"1","url":"sys"}}]}
2015.11.03 at 17:12:46 CST DEBUG org.apache.aphrodite.mvc.AphroditeServlet 33 doPost - request charset utf-8
2015.11.03 at 17:12:46 CST DEBUG org.apache.aphrodite.mvc.AphroditeServlet 43 doPost - receive message {"tableName":"sysMenu","grid":true,"key":"name","condition":"系统管理","fields":[{"name":"name","selector":""},{"name":"url","selector":""},{"name":"id","selector":"","isHide":"hide"}]}
2015.11.03 at 17:12:46 CST DEBUG org.apache.aphrodite.dao.JdbcDaoImpl 172 select - select sql:SELECT NAME,URL,ID FROM SYS_MENU WHERE  name  = ?
2015.11.03 at 17:16:39 CST DEBUG org.apache.aphrodite.mvc.AphroditeServlet 33 doPost - request charset utf-8
2015.11.03 at 17:16:39 CST DEBUG org.apache.aphrodite.mvc.AphroditeServlet 43 doPost - receive message {"tableName":"sysMenu","grid":true,"key":"name","condition":"系统管理","fields":[{"name":"name","selector":""},{"name":"url","selector":""},{"name":"id","selector":"","isHide":"hide"}]}
2015.11.03 at 17:16:39 CST DEBUG org.apache.aphrodite.dao.JdbcDaoImpl 173 select - select sql:SELECT NAME,URL,ID FROM SYS_MENU WHERE  name  = ?
2015.11.03 at 17:16:39 CST DEBUG org.apache.aphrodite.dao.JdbcDaoImpl 112 setSelectParam - input params:{name=系统管理}
2015.11.03 at 17:16:39 CST DEBUG org.apache.aphrodite.mvc.AphroditeServlet 47 doPost - send message {"fields":[{"name":"name"},{"name":"url"},{"name":"id"}],"tableName":"sysMenu","key":"name","condition":"系统管理","records":[{"recordVal":{"name":"系统管理","id":"1","url":"sys"}}]}
2015.11.03 at 17:16:55 CST DEBUG org.apache.aphrodite.mvc.AphroditeServlet 33 doPost - request charset utf-8
2015.11.03 at 17:16:55 CST DEBUG org.apache.aphrodite.mvc.AphroditeServlet 43 doPost - receive message {"tableName":"sysMenu","grid":true,"key":"name","condition":"系统管理","fields":[{"name":"name","selector":""},{"name":"url","selector":""},{"name":"id","selector":"","isHide":"hide"}]}
2015.11.03 at 17:16:55 CST DEBUG org.apache.aphrodite.dao.JdbcDaoImpl 173 select - select sql:SELECT NAME,URL,ID FROM SYS_MENU WHERE  name  = ?
2015.11.03 at 17:16:55 CST DEBUG org.apache.aphrodite.dao.JdbcDaoImpl 112 setSelectParam - input params:{name=系统管理}
2015.11.03 at 17:16:55 CST DEBUG org.apache.aphrodite.mvc.AphroditeServlet 47 doPost - send message {"fields":[{"name":"name"},{"name":"url"},{"name":"id"}],"tableName":"sysMenu","key":"name","condition":"系统管理","records":[{"recordVal":{"name":"系统管理","id":"1","url":"sys"}}]}
2015.11.04 at 09:34:49 CST DEBUG org.apache.aphrodite.mvc.AphroditeServlet 33 doPost - request charset utf-8
2015.11.04 at 09:34:49 CST DEBUG org.apache.aphrodite.mvc.AphroditeServlet 43 doPost - receive message {"tableName":"sysMenu","grid":true,"key":"name","condition":"dddd","fields":[{"name":"name","selector":""},{"name":"url","selector":""},{"name":"id","selector":"","isHide":"hide"}]}
2015.11.04 at 09:36:14 CST DEBUG org.apache.aphrodite.mvc.AphroditeServlet 33 doPost - request charset utf-8
2015.11.04 at 09:36:14 CST DEBUG org.apache.aphrodite.mvc.AphroditeServlet 43 doPost - receive message {"tableName":"sysMenu","grid":true,"key":"name","condition":"dddd","fields":[{"name":"name","selector":""},{"name":"url","selector":""},{"name":"id","selector":"","isHide":"hide"}]}
2015.11.04 at 09:36:14 CST DEBUG org.apache.aphrodite.dao.JdbcDaoImpl 172 select - select sql:SELECT NAME,URL,ID FROM SYS_MENU WHERE  name  = ?
2015.11.04 at 09:36:14 CST DEBUG org.apache.aphrodite.dao.JdbcDaoImpl 111 setSelectParam - input params:{name=dddd}
2015.11.04 at 09:36:14 CST DEBUG org.apache.aphrodite.mvc.AphroditeServlet 47 doPost - send message {"fields":[{"name":"name"},{"name":"url"},{"name":"id"}],"tableName":"sysMenu","key":"name","condition":"dddd","records":[]}
2015.11.04 at 09:36:26 CST DEBUG org.apache.aphrodite.mvc.AphroditeServlet 33 doPost - request charset utf-8
2015.11.04 at 09:36:26 CST DEBUG org.apache.aphrodite.mvc.AphroditeServlet 43 doPost - receive message {"tableName":"sysMenu","grid":true,"key":"name","condition":"dddd","fields":[{"name":"name","selector":""},{"name":"url","selector":""},{"name":"id","selector":"","isHide":"hide"}]}
2015.11.04 at 09:36:26 CST DEBUG org.apache.aphrodite.dao.JdbcDaoImpl 172 select - select sql:SELECT NAME,URL,ID FROM SYS_MENU WHERE  name  = ?
2015.11.04 at 09:36:26 CST DEBUG org.apache.aphrodite.dao.JdbcDaoImpl 111 setSelectParam - input params:{name=dddd}
2015.11.04 at 09:36:26 CST DEBUG org.apache.aphrodite.mvc.AphroditeServlet 47 doPost - send message {"fields":[{"name":"name"},{"name":"url"},{"name":"id"}],"tableName":"sysMenu","key":"name","condition":"dddd","records":[]}
2015.11.04 at 09:36:34 CST DEBUG org.apache.aphrodite.mvc.AphroditeServlet 33 doPost - request charset utf-8
2015.11.04 at 09:36:34 CST DEBUG org.apache.aphrodite.mvc.AphroditeServlet 43 doPost - receive message {"tableName":"sysMenu","grid":true,"key":"name","condition":"系统管理","fields":[{"name":"name","selector":""},{"name":"url","selector":""},{"name":"id","selector":"","isHide":"hide"}]}
2015.11.04 at 09:36:34 CST DEBUG org.apache.aphrodite.dao.JdbcDaoImpl 172 select - select sql:SELECT NAME,URL,ID FROM SYS_MENU WHERE  name  = ?
2015.11.04 at 09:37:28 CST DEBUG org.apache.aphrodite.mvc.AphroditeServlet 33 doPost - request charset utf-8
2015.11.04 at 09:37:28 CST DEBUG org.apache.aphrodite.mvc.AphroditeServlet 43 doPost - receive message {"tableName":"sysMenu","grid":true,"key":"name","condition":"adfasdf","fields":[{"name":"name","selector":""},{"name":"url","selector":""},{"name":"id","selector":"","isHide":"hide"}]}
2015.11.04 at 09:37:29 CST DEBUG org.apache.aphrodite.dao.JdbcDaoImpl 172 select - select sql:SELECT NAME,URL,ID FROM SYS_MENU WHERE  name  = ?
2015.11.04 at 09:37:29 CST DEBUG org.apache.aphrodite.dao.JdbcDaoImpl 111 setSelectParam - input params:{name=adfasdf}
2015.11.04 at 09:37:29 CST DEBUG org.apache.aphrodite.mvc.AphroditeServlet 47 doPost - send message {"fields":[{"name":"name"},{"name":"url"},{"name":"id"}],"tableName":"sysMenu","key":"name","condition":"adfasdf","records":[]}
2015.11.04 at 09:37:33 CST DEBUG org.apache.aphrodite.mvc.AphroditeServlet 33 doPost - request charset utf-8
2015.11.04 at 09:37:33 CST DEBUG org.apache.aphrodite.mvc.AphroditeServlet 43 doPost - receive message {"tableName":"sysMenu","grid":true,"key":"name","condition":"系统管理","fields":[{"name":"name","selector":""},{"name":"url","selector":""},{"name":"id","selector":"","isHide":"hide"}]}
2015.11.04 at 09:37:33 CST DEBUG org.apache.aphrodite.dao.JdbcDaoImpl 172 select - select sql:SELECT NAME,URL,ID FROM SYS_MENU WHERE  name  = ?
2015.11.04 at 09:37:33 CST DEBUG org.apache.aphrodite.dao.JdbcDaoImpl 111 setSelectParam - input params:{name=系统管理}
2015.11.04 at 09:37:33 CST DEBUG org.apache.aphrodite.mvc.AphroditeServlet 47 doPost - send message {"fields":[{"name":"name"},{"name":"url"},{"name":"id"}],"tableName":"sysMenu","key":"name","condition":"系统管理","records":[{"recordVal":{"name":"系统管理","id":"1","url":"sys"}}]}
2015.11.04 at 09:37:40 CST DEBUG org.apache.aphrodite.mvc.AphroditeServlet 33 doPost - request charset utf-8
2015.11.04 at 09:37:40 CST DEBUG org.apache.aphrodite.mvc.AphroditeServlet 43 doPost - receive message {"tableName":"sysMenu","grid":true,"key":"name","condition":"劳而无功","fields":[{"name":"name","selector":""},{"name":"url","selector":""},{"name":"id","selector":"","isHide":"hide"}]}
2015.11.04 at 09:37:40 CST DEBUG org.apache.aphrodite.dao.JdbcDaoImpl 172 select - select sql:SELECT NAME,URL,ID FROM SYS_MENU WHERE  name  = ?
2015.11.04 at 09:37:40 CST DEBUG org.apache.aphrodite.dao.JdbcDaoImpl 111 setSelectParam - input params:{name=劳而无功}
2015.11.04 at 09:37:40 CST DEBUG org.apache.aphrodite.mvc.AphroditeServlet 47 doPost - send message {"fields":[{"name":"name"},{"name":"url"},{"name":"id"}],"tableName":"sysMenu","key":"name","condition":"劳而无功","records":[]}
2015.11.04 at 09:37:45 CST DEBUG org.apache.aphrodite.mvc.AphroditeServlet 33 doPost - request charset utf-8
2015.11.04 at 09:37:45 CST DEBUG org.apache.aphrodite.mvc.AphroditeServlet 43 doPost - receive message {"tableName":"sysMenu","grid":true,"key":"name","condition":"系统管理","fields":[{"name":"name","selector":""},{"name":"url","selector":""},{"name":"id","selector":"","isHide":"hide"}]}
2015.11.04 at 09:37:45 CST DEBUG org.apache.aphrodite.dao.JdbcDaoImpl 172 select - select sql:SELECT NAME,URL,ID FROM SYS_MENU WHERE  name  = ?
2015.11.04 at 09:37:45 CST DEBUG org.apache.aphrodite.dao.JdbcDaoImpl 111 setSelectParam - input params:{name=系统管理}
2015.11.04 at 09:37:45 CST DEBUG org.apache.aphrodite.mvc.AphroditeServlet 47 doPost - send message {"fields":[{"name":"name"},{"name":"url"},{"name":"id"}],"tableName":"sysMenu","key":"name","condition":"系统管理","records":[{"recordVal":{"name":"系统管理","id":"1","url":"sys"}}]}
2015.11.04 at 09:44:09 CST DEBUG org.apache.aphrodite.mvc.AphroditeServlet 35 doPost - request charset utf-8
2015.11.04 at 09:44:09 CST DEBUG org.apache.aphrodite.mvc.AphroditeServlet 45 doPost - receive message {"tableName":"sysMenu","grid":true,"key":"name","condition":"系统管理","fields":[{"name":"name","selector":""},{"name":"url","selector":""},{"name":"id","selector":"","isHide":"hide"}]}
2015.11.04 at 09:44:09 CST DEBUG org.apache.aphrodite.dao.JdbcDaoImpl 172 select - select sql:SELECT NAME,URL,ID FROM SYS_MENU WHERE  name  = ?
2015.11.04 at 09:44:09 CST DEBUG org.apache.aphrodite.dao.JdbcDaoImpl 111 setSelectParam - input params:{name=系统管理}
2015.11.04 at 09:44:10 CST DEBUG org.apache.aphrodite.mvc.AphroditeServlet 49 doPost - send message {"fields":[{"name":"name"},{"name":"url"},{"name":"id"}],"tableName":"sysMenu","key":"name","condition":"系统管理","records":[{"recordVal":{"name":"系统管理","id":"1","url":"sys"}}]}
2015.11.04 at 09:44:47 CST DEBUG org.apache.aphrodite.mvc.AphroditeServlet 35 doPost - request charset utf-8
2015.11.04 at 09:44:47 CST DEBUG org.apache.aphrodite.mvc.AphroditeServlet 45 doPost - receive message {"tableName":"sysMenu","grid":true,"key":"name","condition":"系统管理","fields":[{"name":"name","selector":""},{"name":"url","selector":""},{"name":"id","selector":"","isHide":"hide"}]}
2015.11.04 at 09:44:47 CST DEBUG org.apache.aphrodite.dao.JdbcDaoImpl 172 select - select sql:SELECT NAME,URL,ID FROM SYS_MENU WHERE  name  = ?
2015.11.04 at 09:44:47 CST DEBUG org.apache.aphrodite.dao.JdbcDaoImpl 111 setSelectParam - input params:{name=系统管理}
2015.11.04 at 09:44:47 CST DEBUG org.apache.aphrodite.mvc.AphroditeServlet 49 doPost - send message {"fields":[{"name":"name"},{"name":"url"},{"name":"id"}],"tableName":"sysMenu","key":"name","condition":"系统管理","records":[{"recordVal":{"name":"系统管理","id":"1","url":"sys"}}]}
2015.11.04 at 09:45:03 CST DEBUG org.apache.aphrodite.mvc.AphroditeServlet 35 doPost - request charset utf-8
2015.11.04 at 09:45:03 CST DEBUG org.apache.aphrodite.mvc.AphroditeServlet 45 doPost - receive message {"tableName":"sysMenu","grid":true,"key":"name","condition":"系统管理","fields":[{"name":"name","selector":""},{"name":"url","selector":""},{"name":"id","selector":"","isHide":"hide"}]}
2015.11.04 at 09:45:03 CST DEBUG org.apache.aphrodite.dao.JdbcDaoImpl 172 select - select sql:SELECT NAME,URL,ID FROM SYS_MENU WHERE  name  = ?
2015.11.04 at 09:45:03 CST DEBUG org.apache.aphrodite.dao.JdbcDaoImpl 111 setSelectParam - input params:{name=系统管理}
2015.11.04 at 09:45:03 CST DEBUG org.apache.aphrodite.mvc.AphroditeServlet 49 doPost - send message {"fields":[{"name":"name"},{"name":"url"},{"name":"id"}],"tableName":"sysMenu","key":"name","condition":"系统管理","records":[{"recordVal":{"name":"系统管理","id":"1","url":"sys"}}]}
2015.11.04 at 09:45:30 CST DEBUG org.apache.aphrodite.mvc.AphroditeServlet 35 doPost - request charset utf-8
2015.11.04 at 09:45:30 CST DEBUG org.apache.aphrodite.mvc.AphroditeServlet 45 doPost - receive message {"tableName":"sysMenu","grid":true,"key":"name","condition":"系统管理","fields":[{"name":"name","selector":""},{"name":"url","selector":""},{"name":"id","selector":"","isHide":"hide"}]}
2015.11.04 at 09:45:30 CST DEBUG org.apache.aphrodite.dao.JdbcDaoImpl 172 select - select sql:SELECT NAME,URL,ID FROM SYS_MENU WHERE  name  = ?
2015.11.04 at 09:45:30 CST DEBUG org.apache.aphrodite.dao.JdbcDaoImpl 111 setSelectParam - input params:{name=系统管理}
2015.11.04 at 09:45:30 CST DEBUG org.apache.aphrodite.mvc.AphroditeServlet 49 doPost - send message {"fields":[{"name":"name"},{"name":"url"},{"name":"id"}],"tableName":"sysMenu","key":"name","condition":"系统管理","records":[{"recordVal":{"name":"系统管理","id":"1","url":"sys"}}]}
2015.11.04 at 09:47:06 CST DEBUG org.apache.aphrodite.mvc.AphroditeServlet 35 doPost - request charset utf-8
2015.11.04 at 09:47:06 CST DEBUG org.apache.aphrodite.mvc.AphroditeServlet 45 doPost - receive message {"tableName":"sysMenu","grid":true,"key":"name","condition":"dddd","fields":[{"name":"name","selector":""},{"name":"url","selector":""},{"name":"id","selector":"","isHide":"hide"}]}
2015.11.04 at 09:47:06 CST DEBUG org.apache.aphrodite.dao.JdbcDaoImpl 172 select - select sql:SELECT NAME,URL,ID FROM SYS_MENU WHERE  name  = ?
2015.11.04 at 09:47:06 CST DEBUG org.apache.aphrodite.dao.JdbcDaoImpl 111 setSelectParam - input params:{name=dddd}
2015.11.04 at 09:47:06 CST DEBUG org.apache.aphrodite.mvc.AphroditeServlet 49 doPost - send message {"fields":[{"name":"name"},{"name":"url"},{"name":"id"}],"tableName":"sysMenu","key":"name","condition":"dddd","records":[]}
2015.11.04 at 09:47:30 CST DEBUG org.apache.aphrodite.mvc.AphroditeServlet 35 doPost - request charset utf-8
2015.11.04 at 09:47:30 CST DEBUG org.apache.aphrodite.mvc.AphroditeServlet 45 doPost - receive message {"tableName":"sysMenu","grid":true,"key":"name","condition":"dddd","fields":[{"name":"name","selector":""},{"name":"url","selector":""},{"name":"id","selector":"","isHide":"hide"}]}
2015.11.04 at 09:47:30 CST DEBUG org.apache.aphrodite.dao.JdbcDaoImpl 172 select - select sql:SELECT NAME,URL,ID FROM SYS_MENU WHERE  name  = ?
2015.11.04 at 09:47:30 CST DEBUG org.apache.aphrodite.dao.JdbcDaoImpl 111 setSelectParam - input params:{name=dddd}
2015.11.04 at 09:47:30 CST DEBUG org.apache.aphrodite.mvc.AphroditeServlet 49 doPost - send message {"fields":[{"name":"name"},{"name":"url"},{"name":"id"}],"tableName":"sysMenu","key":"name","condition":"dddd","records":[]}
2015.11.04 at 09:50:31 CST DEBUG org.apache.aphrodite.mvc.AphroditeServlet 35 doPost - request charset utf-8
2015.11.04 at 09:50:31 CST DEBUG org.apache.aphrodite.mvc.AphroditeServlet 45 doPost - receive message {"tableName":"sysMenu","grid":true,"key":"name","condition":"ddddd","fields":[{"name":"name","selector":""},{"name":"url","selector":""},{"name":"id","selector":"","isHide":"hide"}]}
2015.11.04 at 09:50:31 CST DEBUG org.apache.aphrodite.dao.JdbcDaoImpl 172 select - select sql:SELECT NAME,URL,ID FROM SYS_MENU WHERE  name  = ?
2015.11.04 at 09:50:31 CST DEBUG org.apache.aphrodite.dao.JdbcDaoImpl 111 setSelectParam - input params:{name=ddddd}
2015.11.04 at 09:50:31 CST DEBUG org.apache.aphrodite.mvc.AphroditeServlet 49 doPost - send message {"fields":[{"name":"name"},{"name":"url"},{"name":"id"}],"tableName":"sysMenu","key":"name","condition":"ddddd","records":[]}
2015.11.04 at 09:52:12 CST DEBUG org.apache.aphrodite.mvc.AphroditeServlet 35 doPost - request charset utf-8
2015.11.04 at 09:52:12 CST DEBUG org.apache.aphrodite.mvc.AphroditeServlet 45 doPost - receive message {"tableName":"sysMenu","grid":true,"key":"name","condition":"ddddd","fields":[{"name":"name","selector":""},{"name":"url","selector":""},{"name":"id","selector":"","isHide":"hide"}]}
2015.11.04 at 09:52:12 CST DEBUG org.apache.aphrodite.dao.JdbcDaoImpl 172 select - select sql:SELECT NAME,URL,ID FROM SYS_MENU WHERE  name  = ?
2015.11.04 at 09:52:12 CST DEBUG org.apache.aphrodite.dao.JdbcDaoImpl 111 setSelectParam - input params:{name=ddddd}
2015.11.04 at 09:52:12 CST DEBUG org.apache.aphrodite.mvc.AphroditeServlet 49 doPost - send message {"fields":[{"name":"name"},{"name":"url"},{"name":"id"}],"tableName":"sysMenu","key":"name","condition":"ddddd","records":[]}
2015.11.04 at 09:52:59 CST DEBUG org.apache.aphrodite.mvc.AphroditeServlet 35 doPost - request charset utf-8
2015.11.04 at 09:52:59 CST DEBUG org.apache.aphrodite.mvc.AphroditeServlet 45 doPost - receive message {"tableName":"sysMenu","grid":true,"key":"name","condition":"aaaaa","fields":[{"name":"name","selector":""},{"name":"url","selector":""},{"name":"id","selector":"","isHide":"hide"}]}
2015.11.04 at 09:52:59 CST DEBUG org.apache.aphrodite.dao.JdbcDaoImpl 172 select - select sql:SELECT NAME,URL,ID FROM SYS_MENU WHERE  name  = ?
2015.11.04 at 09:52:59 CST DEBUG org.apache.aphrodite.dao.JdbcDaoImpl 111 setSelectParam - input params:{name=aaaaa}
2015.11.04 at 09:52:59 CST DEBUG org.apache.aphrodite.mvc.AphroditeServlet 49 doPost - send message {"fields":[{"name":"name"},{"name":"url"},{"name":"id"}],"tableName":"sysMenu","key":"name","condition":"aaaaa","records":[]}
2015.11.04 at 10:06:30 CST DEBUG org.apache.aphrodite.mvc.AphroditeServlet 35 doPost - request charset utf-8
2015.11.04 at 10:06:30 CST DEBUG org.apache.aphrodite.mvc.AphroditeServlet 45 doPost - receive message {"tableName":"sysMenu","grid":true,"key":"name","condition":"ddddd","fields":[{"name":"name","selector":""},{"name":"url","selector":""},{"name":"id","selector":"","isHide":"hide"}]}
2015.11.04 at 10:06:30 CST DEBUG org.apache.aphrodite.dao.JdbcDaoImpl 172 select - select sql:SELECT NAME,URL,ID FROM SYS_MENU WHERE  name  = ?
2015.11.04 at 10:06:30 CST DEBUG org.apache.aphrodite.dao.JdbcDaoImpl 111 setSelectParam - input params:{name=ddddd}
2015.11.04 at 10:06:30 CST DEBUG org.apache.aphrodite.mvc.AphroditeServlet 49 doPost - send message {"fields":[{"name":"name"},{"name":"url"},{"name":"id"}],"tableName":"sysMenu","key":"name","condition":"ddddd","records":[]}
2015.11.04 at 10:06:57 CST DEBUG org.apache.aphrodite.mvc.AphroditeServlet 35 doPost - request charset utf-8
2015.11.04 at 10:06:57 CST DEBUG org.apache.aphrodite.mvc.AphroditeServlet 45 doPost - receive message {"tableName":"sysMenu","grid":true,"key":"name","condition":"ddddd","fields":[{"name":"name","selector":""},{"name":"url","selector":""},{"name":"id","selector":"","isHide":"hide"}]}
2015.11.04 at 10:06:57 CST DEBUG org.apache.aphrodite.dao.JdbcDaoImpl 172 select - select sql:SELECT NAME,URL,ID FROM SYS_MENU WHERE  name  = ?
2015.11.04 at 10:06:57 CST DEBUG org.apache.aphrodite.dao.JdbcDaoImpl 111 setSelectParam - input params:{name=ddddd}
2015.11.04 at 10:06:57 CST DEBUG org.apache.aphrodite.mvc.AphroditeServlet 49 doPost - send message {"fields":[{"name":"name"},{"name":"url"},{"name":"id"}],"tableName":"sysMenu","key":"name","condition":"ddddd","records":[]}
2015.11.04 at 10:08:19 CST DEBUG org.apache.aphrodite.mvc.AphroditeServlet 35 doPost - request charset utf-8
2015.11.04 at 10:08:19 CST DEBUG org.apache.aphrodite.mvc.AphroditeServlet 45 doPost - receive message {"tableName":"sysMenu","grid":true,"key":"name","condition":"dddd","fields":[{"name":"name","selector":"","isHide":false},{"name":"url","selector":"","isHide":false},{"name":"id","selector":"","isHide":true}]}
2015.11.04 at 10:08:19 CST DEBUG org.apache.aphrodite.dao.JdbcDaoImpl 172 select - select sql:SELECT NAME,URL,ID FROM SYS_MENU WHERE  name  = ?
2015.11.04 at 10:08:19 CST DEBUG org.apache.aphrodite.dao.JdbcDaoImpl 111 setSelectParam - input params:{name=dddd}
2015.11.04 at 10:08:19 CST DEBUG org.apache.aphrodite.mvc.AphroditeServlet 49 doPost - send message {"fields":[{"name":"name"},{"name":"url"},{"name":"id"}],"tableName":"sysMenu","key":"name","condition":"dddd","records":[]}
2015.11.04 at 10:08:52 CST DEBUG org.apache.aphrodite.mvc.AphroditeServlet 35 doPost - request charset utf-8
2015.11.04 at 10:08:52 CST DEBUG org.apache.aphrodite.mvc.AphroditeServlet 45 doPost - receive message {"tableName":"sysMenu","grid":true,"key":"name","condition":"dddd","fields":[{"name":"name","selector":"","isHide":false},{"name":"url","selector":"","isHide":false},{"name":"id","selector":"","isHide":true}]}
2015.11.04 at 10:08:52 CST DEBUG org.apache.aphrodite.dao.JdbcDaoImpl 172 select - select sql:SELECT NAME,URL,ID FROM SYS_MENU WHERE  name  = ?
2015.11.04 at 10:08:52 CST DEBUG org.apache.aphrodite.dao.JdbcDaoImpl 111 setSelectParam - input params:{name=dddd}
2015.11.04 at 10:08:52 CST DEBUG org.apache.aphrodite.mvc.AphroditeServlet 49 doPost - send message {"fields":[{"name":"name"},{"name":"url"},{"name":"id"}],"tableName":"sysMenu","key":"name","condition":"dddd","records":[]}
2015.11.04 at 10:09:11 CST DEBUG org.apache.aphrodite.mvc.AphroditeServlet 35 doPost - request charset utf-8
2015.11.04 at 10:09:11 CST DEBUG org.apache.aphrodite.mvc.AphroditeServlet 45 doPost - receive message {"tableName":"sysMenu","grid":true,"key":"name","condition":"dddd","fields":[{"name":"name","selector":"","isHide":false},{"name":"url","selector":"","isHide":false},{"name":"id","selector":"","isHide":true}]}
2015.11.04 at 10:09:11 CST DEBUG org.apache.aphrodite.dao.JdbcDaoImpl 172 select - select sql:SELECT NAME,URL,ID FROM SYS_MENU WHERE  name  = ?
2015.11.04 at 10:09:11 CST DEBUG org.apache.aphrodite.dao.JdbcDaoImpl 111 setSelectParam - input params:{name=dddd}
2015.11.04 at 10:09:11 CST DEBUG org.apache.aphrodite.mvc.AphroditeServlet 49 doPost - send message {"fields":[{"name":"name"},{"name":"url"},{"name":"id"}],"tableName":"sysMenu","key":"name","condition":"dddd","records":[]}
2015.11.04 at 10:41:43 CST DEBUG org.apache.aphrodite.mvc.AphroditeServlet 35 doPost - request charset utf-8
2015.11.04 at 10:41:43 CST DEBUG org.apache.aphrodite.mvc.AphroditeServlet 45 doPost - receive message {"tableName":"sysMenu","grid":true,"key":"name","condition":"ddd","fields":[{"name":"name","selector":"","isHide":false},{"name":"url","selector":"","isHide":false},{"name":"id","selector":"","isHide":true}]}
2015.11.04 at 10:41:43 CST DEBUG org.apache.aphrodite.dao.JdbcDaoImpl 172 select - select sql:SELECT NAME,URL,ID FROM SYS_MENU WHERE  name  = ?
2015.11.04 at 10:41:43 CST DEBUG org.apache.aphrodite.dao.JdbcDaoImpl 111 setSelectParam - input params:{name=ddd}
2015.11.04 at 10:41:44 CST DEBUG org.apache.aphrodite.mvc.AphroditeServlet 49 doPost - send message {"fields":[{"name":"name"},{"name":"url"},{"name":"id"}],"tableName":"sysMenu","key":"name","condition":"ddd","records":[]}
2015.11.04 at 10:42:24 CST DEBUG org.apache.aphrodite.mvc.AphroditeServlet 35 doPost - request charset utf-8
2015.11.04 at 10:42:24 CST DEBUG org.apache.aphrodite.mvc.AphroditeServlet 45 doPost - receive message {"tableName":"sysMenu","grid":true,"key":"name","condition":"系统管理","fields":[{"name":"name","selector":"","isHide":false},{"name":"url","selector":"","isHide":false},{"name":"id","selector":"","isHide":true}]}
2015.11.04 at 10:42:24 CST DEBUG org.apache.aphrodite.dao.JdbcDaoImpl 172 select - select sql:SELECT NAME,URL,ID FROM SYS_MENU WHERE  name  = ?
2015.11.04 at 10:42:24 CST DEBUG org.apache.aphrodite.dao.JdbcDaoImpl 111 setSelectParam - input params:{name=系统管理}
2015.11.04 at 10:42:24 CST DEBUG org.apache.aphrodite.mvc.AphroditeServlet 49 doPost - send message {"fields":[{"name":"name"},{"name":"url"},{"name":"id"}],"tableName":"sysMenu","key":"name","condition":"系统管理","records":[{"recordVal":{"name":"系统管理","id":"1","url":"sys"}}]}
2015.11.04 at 11:19:00 CST DEBUG org.apache.aphrodite.mvc.AphroditeServlet 35 doPost - request charset utf-8
2015.11.04 at 11:19:00 CST DEBUG org.apache.aphrodite.mvc.AphroditeServlet 45 doPost - receive message {"tableName":"sysMenu","grid":true,"key":"name","condition":"系统管理","fields":[{"name":"name","selector":"","isHide":false},{"name":"url","selector":"","isHide":false},{"name":"id","selector":"","isHide":true}]}
2015.11.04 at 11:19:01 CST DEBUG org.apache.aphrodite.dao.JdbcDaoImpl 172 select - select sql:SELECT NAME,URL,ID FROM SYS_MENU WHERE  name  = ?
2015.11.04 at 11:19:01 CST DEBUG org.apache.aphrodite.dao.JdbcDaoImpl 111 setSelectParam - input params:{name=系统管理}
2015.11.04 at 11:19:01 CST DEBUG org.apache.aphrodite.mvc.AphroditeServlet 49 doPost - send message {"fields":[{"name":"name"},{"name":"url"},{"name":"id"}],"tableName":"sysMenu","key":"name","condition":"系统管理","records":[{"recordVal":{"name":"系统管理","id":"1","url":"sys"}}]}
2015.11.04 at 11:20:51 CST DEBUG org.apache.aphrodite.mvc.AphroditeServlet 35 doPost - request charset utf-8
2015.11.04 at 11:20:51 CST DEBUG org.apache.aphrodite.mvc.AphroditeServlet 45 doPost - receive message {"tableName":"sysMenu","grid":true,"key":"name","condition":"系统管理","fields":[{"name":"name","selector":"","isHide":false},{"name":"url","selector":"","isHide":false},{"name":"id","selector":"","isHide":true}]}
2015.11.04 at 11:20:51 CST DEBUG org.apache.aphrodite.dao.JdbcDaoImpl 172 select - select sql:SELECT NAME,URL,ID FROM SYS_MENU WHERE  name  = ?
2015.11.04 at 11:20:51 CST DEBUG org.apache.aphrodite.dao.JdbcDaoImpl 111 setSelectParam - input params:{name=系统管理}
2015.11.04 at 11:20:51 CST DEBUG org.apache.aphrodite.mvc.AphroditeServlet 49 doPost - send message {"fields":[{"name":"name"},{"name":"url"},{"name":"id"}],"tableName":"sysMenu","key":"name","condition":"系统管理","records":[{"recordVal":{"name":"系统管理","id":"1","url":"sys"}}]}
2015.11.04 at 11:22:59 CST DEBUG org.apache.aphrodite.mvc.AphroditeServlet 35 doPost - request charset utf-8
2015.11.04 at 11:22:59 CST DEBUG org.apache.aphrodite.mvc.AphroditeServlet 45 doPost - receive message {"tableName":"sysMenu","grid":true,"key":"name","condition":"系统管理","fields":[{"name":"name","selector":"","isHide":false},{"name":"url","selector":"","isHide":false},{"name":"id","selector":"","isHide":true}]}
2015.11.04 at 11:23:00 CST DEBUG org.apache.aphrodite.dao.JdbcDaoImpl 172 select - select sql:SELECT NAME,URL,ID FROM SYS_MENU WHERE  name  = ?
2015.11.04 at 11:23:00 CST DEBUG org.apache.aphrodite.dao.JdbcDaoImpl 111 setSelectParam - input params:{name=系统管理}
2015.11.04 at 11:23:00 CST DEBUG org.apache.aphrodite.mvc.AphroditeServlet 49 doPost - send message {"fields":[{"name":"name"},{"name":"url"},{"name":"id"}],"tableName":"sysMenu","key":"name","condition":"系统管理","records":[{"recordVal":{"name":"系统管理","id":"1","url":"sys"}}]}
2015.11.04 at 11:24:22 CST DEBUG org.apache.aphrodite.mvc.AphroditeServlet 35 doPost - request charset utf-8
2015.11.04 at 11:24:22 CST DEBUG org.apache.aphrodite.mvc.AphroditeServlet 45 doPost - receive message {"tableName":"sysMenu","grid":true,"key":"name","condition":"系统管理","fields":[{"name":"name","selector":"","isHide":false},{"name":"url","selector":"","isHide":false},{"name":"id","selector":"","isHide":true}]}
2015.11.04 at 11:24:23 CST DEBUG org.apache.aphrodite.dao.JdbcDaoImpl 172 select - select sql:SELECT NAME,URL,ID FROM SYS_MENU WHERE  name  = ?
2015.11.04 at 11:24:23 CST DEBUG org.apache.aphrodite.dao.JdbcDaoImpl 111 setSelectParam - input params:{name=系统管理}
2015.11.04 at 11:24:23 CST DEBUG org.apache.aphrodite.mvc.AphroditeServlet 49 doPost - send message {"fields":[{"name":"name"},{"name":"url"},{"name":"id"}],"tableName":"sysMenu","key":"name","condition":"系统管理","records":[{"recordVal":{"name":"系统管理","id":"1","url":"sys"}}]}
2015.11.04 at 11:26:35 CST DEBUG org.apache.aphrodite.mvc.AphroditeServlet 35 doPost - request charset utf-8
2015.11.04 at 11:26:35 CST DEBUG org.apache.aphrodite.mvc.AphroditeServlet 45 doPost - receive message {"tableName":"sysMenu","grid":true,"key":"name","condition":"系统管理","fields":[{"name":"name","selector":"","isHide":false},{"name":"url","selector":"","isHide":false},{"name":"id","selector":"","isHide":true}]}
2015.11.04 at 11:26:35 CST DEBUG org.apache.aphrodite.dao.JdbcDaoImpl 172 select - select sql:SELECT NAME,URL,ID FROM SYS_MENU WHERE  name  = ?
2015.11.04 at 11:26:35 CST DEBUG org.apache.aphrodite.dao.JdbcDaoImpl 111 setSelectParam - input params:{name=系统管理}
2015.11.04 at 11:26:35 CST DEBUG org.apache.aphrodite.mvc.AphroditeServlet 49 doPost - send message {"fields":[{"name":"name"},{"name":"url"},{"name":"id"}],"tableName":"sysMenu","key":"name","condition":"系统管理","records":[{"recordVal":{"name":"系统管理","id":"1","url":"sys"}}]}
2015.11.04 at 11:35:21 CST DEBUG org.apache.aphrodite.mvc.AphroditeServlet 35 doPost - request charset utf-8
2015.11.04 at 11:35:21 CST DEBUG org.apache.aphrodite.mvc.AphroditeServlet 45 doPost - receive message {"tableName":"sysMenu","grid":true,"key":"name","condition":"系统管理","fields":[{"name":"name","selector":"","isHide":false},{"name":"url","selector":"","isHide":false},{"name":"id","selector":"","isHide":true}]}
2015.11.04 at 11:35:21 CST DEBUG org.apache.aphrodite.dao.JdbcDaoImpl 172 select - select sql:SELECT NAME,URL,ID FROM SYS_MENU WHERE  name  = ?
2015.11.04 at 11:35:21 CST DEBUG org.apache.aphrodite.dao.JdbcDaoImpl 111 setSelectParam - input params:{name=系统管理}
2015.11.04 at 11:35:21 CST DEBUG org.apache.aphrodite.mvc.AphroditeServlet 49 doPost - send message {"fields":[{"name":"name"},{"name":"url"},{"name":"id"}],"tableName":"sysMenu","key":"name","condition":"系统管理","records":[{"recordVal":{"name":"系统管理","id":"1","url":"sys"}}]}
2015.11.04 at 11:38:27 CST DEBUG org.apache.aphrodite.mvc.AphroditeServlet 35 doPost - request charset utf-8
2015.11.04 at 11:38:27 CST DEBUG org.apache.aphrodite.mvc.AphroditeServlet 45 doPost - receive message {"tableName":"sysMenu","grid":true,"key":"name","condition":"系统管理","fields":[{"name":"name","selector":"","isHide":false},{"name":"url","selector":"","isHide":false},{"name":"id","selector":"","isHide":true}]}
2015.11.04 at 11:38:27 CST DEBUG org.apache.aphrodite.dao.JdbcDaoImpl 172 select - select sql:SELECT NAME,URL,ID FROM SYS_MENU WHERE  name  = ?
2015.11.04 at 11:38:27 CST DEBUG org.apache.aphrodite.dao.JdbcDaoImpl 111 setSelectParam - input params:{name=系统管理}
2015.11.04 at 11:38:27 CST DEBUG org.apache.aphrodite.mvc.AphroditeServlet 49 doPost - send message {"fields":[{"name":"name"},{"name":"url"},{"name":"id"}],"tableName":"sysMenu","key":"name","condition":"系统管理","records":[{"recordVal":{"name":"系统管理","id":"1","url":"sys"}}]}
2015.11.04 at 11:38:56 CST DEBUG org.apache.aphrodite.mvc.AphroditeServlet 35 doPost - request charset utf-8
2015.11.04 at 11:38:56 CST DEBUG org.apache.aphrodite.mvc.AphroditeServlet 45 doPost - receive message {"tableName":"sysMenu","grid":true,"key":"name","condition":"系统管理","fields":[{"name":"name","selector":"","isHide":false},{"name":"url","selector":"","isHide":false},{"name":"id","selector":"","isHide":true}]}
2015.11.04 at 11:38:56 CST DEBUG org.apache.aphrodite.dao.JdbcDaoImpl 172 select - select sql:SELECT NAME,URL,ID FROM SYS_MENU WHERE  name  = ?
2015.11.04 at 11:38:56 CST DEBUG org.apache.aphrodite.dao.JdbcDaoImpl 111 setSelectParam - input params:{name=系统管理}
2015.11.04 at 11:38:56 CST DEBUG org.apache.aphrodite.mvc.AphroditeServlet 49 doPost - send message {"fields":[{"name":"name"},{"name":"url"},{"name":"id"}],"tableName":"sysMenu","key":"name","condition":"系统管理","records":[{"recordVal":{"name":"系统管理","id":"1","url":"sys"}}]}
2015.11.04 at 11:39:58 CST DEBUG org.apache.aphrodite.mvc.AphroditeServlet 35 doPost - request charset utf-8
2015.11.04 at 11:39:58 CST DEBUG org.apache.aphrodite.mvc.AphroditeServlet 45 doPost - receive message {"tableName":"sysMenu","grid":true,"key":"name","condition":"系统管理","fields":[{"name":"name","selector":"","isHide":false},{"name":"url","selector":"","isHide":false},{"name":"id","selector":"","isHide":true}]}
2015.11.04 at 11:39:58 CST DEBUG org.apache.aphrodite.dao.JdbcDaoImpl 172 select - select sql:SELECT NAME,URL,ID FROM SYS_MENU WHERE  name  = ?
2015.11.04 at 11:39:58 CST DEBUG org.apache.aphrodite.dao.JdbcDaoImpl 111 setSelectParam - input params:{name=系统管理}
2015.11.04 at 11:39:58 CST DEBUG org.apache.aphrodite.mvc.AphroditeServlet 49 doPost - send message {"fields":[{"name":"name"},{"name":"url"},{"name":"id"}],"tableName":"sysMenu","key":"name","condition":"系统管理","records":[{"recordVal":{"name":"系统管理","id":"1","url":"sys"}}]}
